Performing C SOURCE FILE Test CMAKE_HAVE_LIBC_PTHREAD failed with the following output:
Change Dir: /Users/yungnik/AndroidStudioProjects/mbedtls/build/arm64-v8a/CMakeFiles/CMakeTmp

Run Build Command(s):/usr/bin/make -f Makefile cmTC_ed9b9/fast && /Library/Developer/CommandLineTools/usr/bin/make  -f CMakeFiles/cmTC_ed9b9.dir/build.make CMakeFiles/cmTC_ed9b9.dir/build
Building C object CMakeFiles/cmTC_ed9b9.dir/src.c.o
/Users/yungnik/Library/Android/sdk/ndk/25.2.9519653/toolchains/llvm/prebuilt/darwin-x86_64/bin/clang --target=aarch64-none-linux-android21 --sysroot=/Users/yungnik/Library/Android/sdk/ndk/25.2.9519653/toolchains/llvm/prebuilt/darwin-x86_64/sysroot -DCMAKE_HAVE_LIBC_PTHREAD  -g -DANDROID -fdata-sections -ffunction-sections -funwind-tables -fstack-protector-strong -no-canonical-prefixes -D_FORTIFY_SOURCE=2 -Wformat -Werror=format-security  -Wall -Wextra -Wwrite-strings -Wpointer-arith -Wimplicit-fallthrough -Wshadow -Wvla -Wformat=2 -Wno-format-nonliteral -Werror  -fPIE -MD -MT CMakeFiles/cmTC_ed9b9.dir/src.c.o -MF CMakeFiles/cmTC_ed9b9.dir/src.c.o.d -o CMakeFiles/cmTC_ed9b9.dir/src.c.o -c /Users/yungnik/AndroidStudioProjects/mbedtls/build/arm64-v8a/CMakeFiles/CMakeTmp/src.c
/Users/yungnik/AndroidStudioProjects/mbedtls/build/arm64-v8a/CMakeFiles/CMakeTmp/src.c:13:3: error: implicit declaration of function 'pthread_cancel' is invalid in C99 [-Werror,-Wimplicit-function-declaration]
  pthread_cancel(thread);
  ^
/Users/yungnik/AndroidStudioProjects/mbedtls/build/arm64-v8a/CMakeFiles/CMakeTmp/src.c:13:3: note: did you mean 'pthread_once'?
/Users/yungnik/Library/Android/sdk/ndk/25.2.9519653/toolchains/llvm/prebuilt/darwin-x86_64/sysroot/usr/include/pthread.h:275:5: note: 'pthread_once' declared here
int pthread_once(pthread_once_t* __once, void (*__init_routine)(void));
    ^
1 error generated.
make[1]: *** [CMakeFiles/cmTC_ed9b9.dir/src.c.o] Error 1
make: *** [cmTC_ed9b9/fast] Error 2


Source file was:
#include <pthread.h>

static void* test_func(void* data)
{
  return data;
}

int main(void)
{
  pthread_t thread;
  pthread_create(&thread, NULL, test_func, NULL);
  pthread_detach(thread);
  pthread_cancel(thread);
  pthread_join(thread, NULL);
  pthread_atfork(NULL, NULL, NULL);
  pthread_exit(NULL);

  return 0;
}

Determining if the function pthread_create exists in the pthreads failed with the following output:
Change Dir: /Users/yungnik/AndroidStudioProjects/mbedtls/build/arm64-v8a/CMakeFiles/CMakeTmp

Run Build Command(s):/usr/bin/make -f Makefile cmTC_68cb7/fast && /Library/Developer/CommandLineTools/usr/bin/make  -f CMakeFiles/cmTC_68cb7.dir/build.make CMakeFiles/cmTC_68cb7.dir/build
Building C object CMakeFiles/cmTC_68cb7.dir/CheckFunctionExists.c.o
/Users/yungnik/Library/Android/sdk/ndk/25.2.9519653/toolchains/llvm/prebuilt/darwin-x86_64/bin/clang --target=aarch64-none-linux-android21 --sysroot=/Users/yungnik/Library/Android/sdk/ndk/25.2.9519653/toolchains/llvm/prebuilt/darwin-x86_64/sysroot   -g -DANDROID -fdata-sections -ffunction-sections -funwind-tables -fstack-protector-strong -no-canonical-prefixes -D_FORTIFY_SOURCE=2 -Wformat -Werror=format-security  -Wall -Wextra -Wwrite-strings -Wpointer-arith -Wimplicit-fallthrough -Wshadow -Wvla -Wformat=2 -Wno-format-nonliteral -Werror -DCHECK_FUNCTION_EXISTS=pthread_create -fPIE -MD -MT CMakeFiles/cmTC_68cb7.dir/CheckFunctionExists.c.o -MF CMakeFiles/cmTC_68cb7.dir/CheckFunctionExists.c.o.d -o CMakeFiles/cmTC_68cb7.dir/CheckFunctionExists.c.o -c /Users/yungnik/Library/Android/sdk/cmake/3.22.1/share/cmake-3.22/Modules/CheckFunctionExists.c
Linking C executable cmTC_68cb7
/Users/yungnik/Library/Android/sdk/cmake/3.22.1/bin/cmake -E cmake_link_script CMakeFiles/cmTC_68cb7.dir/link.txt --verbose=1
/Users/yungnik/Library/Android/sdk/ndk/25.2.9519653/toolchains/llvm/prebuilt/darwin-x86_64/bin/clang --target=aarch64-none-linux-android21 --sysroot=/Users/yungnik/Library/Android/sdk/ndk/25.2.9519653/toolchains/llvm/prebuilt/darwin-x86_64/sysroot -g -DANDROID -fdata-sections -ffunction-sections -funwind-tables -fstack-protector-strong -no-canonical-prefixes -D_FORTIFY_SOURCE=2 -Wformat -Werror=format-security  -Wall -Wextra -Wwrite-strings -Wpointer-arith -Wimplicit-fallthrough -Wshadow -Wvla -Wformat=2 -Wno-format-nonliteral -Werror -DCHECK_FUNCTION_EXISTS=pthread_create -static-libstdc++ -Wl,--build-id=sha1 -Wl,--no-rosegment -Wl,--fatal-warnings -Wl,--no-undefined -Qunused-arguments    CMakeFiles/cmTC_68cb7.dir/CheckFunctionExists.c.o -o cmTC_68cb7  -lpthreads -latomic -lm 
ld: error: unable to find library -lpthreads
clang: error: linker command failed with exit code 1 (use -v to see invocation)
make[1]: *** [cmTC_68cb7] Error 1
make: *** [cmTC_68cb7/fast] Error 2



Determining if the function pthread_create exists in the pthread failed with the following output:
Change Dir: /Users/yungnik/AndroidStudioProjects/mbedtls/build/arm64-v8a/CMakeFiles/CMakeTmp

Run Build Command(s):/usr/bin/make -f Makefile cmTC_feb3a/fast && /Library/Developer/CommandLineTools/usr/bin/make  -f CMakeFiles/cmTC_feb3a.dir/build.make CMakeFiles/cmTC_feb3a.dir/build
Building C object CMakeFiles/cmTC_feb3a.dir/CheckFunctionExists.c.o
/Users/yungnik/Library/Android/sdk/ndk/25.2.9519653/toolchains/llvm/prebuilt/darwin-x86_64/bin/clang --target=aarch64-none-linux-android21 --sysroot=/Users/yungnik/Library/Android/sdk/ndk/25.2.9519653/toolchains/llvm/prebuilt/darwin-x86_64/sysroot   -g -DANDROID -fdata-sections -ffunction-sections -funwind-tables -fstack-protector-strong -no-canonical-prefixes -D_FORTIFY_SOURCE=2 -Wformat -Werror=format-security  -Wall -Wextra -Wwrite-strings -Wpointer-arith -Wimplicit-fallthrough -Wshadow -Wvla -Wformat=2 -Wno-format-nonliteral -Werror -DCHECK_FUNCTION_EXISTS=pthread_create -fPIE -MD -MT CMakeFiles/cmTC_feb3a.dir/CheckFunctionExists.c.o -MF CMakeFiles/cmTC_feb3a.dir/CheckFunctionExists.c.o.d -o CMakeFiles/cmTC_feb3a.dir/CheckFunctionExists.c.o -c /Users/yungnik/Library/Android/sdk/cmake/3.22.1/share/cmake-3.22/Modules/CheckFunctionExists.c
Linking C executable cmTC_feb3a
/Users/yungnik/Library/Android/sdk/cmake/3.22.1/bin/cmake -E cmake_link_script CMakeFiles/cmTC_feb3a.dir/link.txt --verbose=1
/Users/yungnik/Library/Android/sdk/ndk/25.2.9519653/toolchains/llvm/prebuilt/darwin-x86_64/bin/clang --target=aarch64-none-linux-android21 --sysroot=/Users/yungnik/Library/Android/sdk/ndk/25.2.9519653/toolchains/llvm/prebuilt/darwin-x86_64/sysroot -g -DANDROID -fdata-sections -ffunction-sections -funwind-tables -fstack-protector-strong -no-canonical-prefixes -D_FORTIFY_SOURCE=2 -Wformat -Werror=format-security  -Wall -Wextra -Wwrite-strings -Wpointer-arith -Wimplicit-fallthrough -Wshadow -Wvla -Wformat=2 -Wno-format-nonliteral -Werror -DCHECK_FUNCTION_EXISTS=pthread_create -static-libstdc++ -Wl,--build-id=sha1 -Wl,--no-rosegment -Wl,--fatal-warnings -Wl,--no-undefined -Qunused-arguments    CMakeFiles/cmTC_feb3a.dir/CheckFunctionExists.c.o -o cmTC_feb3a  -lpthread -latomic -lm 
ld: error: unable to find library -lpthread
clang: error: linker command failed with exit code 1 (use -v to see invocation)
make[1]: *** [cmTC_feb3a] Error 1
make: *** [cmTC_feb3a/fast] Error 2



